0 info it worked if it ends with ok
1 verbose cli [ 'node', '/usr/local/bin/npm', 'publish' ]
2 info using npm@1.4.3
3 info using node@v0.10.26
4 verbose publish [ '.' ]
5 verbose cache add [ '.', null ]
6 verbose cache add name=undefined spec="." args=[".",null]
7 verbose parsed url { protocol: null,
7 verbose parsed url   slashes: null,
7 verbose parsed url   auth: null,
7 verbose parsed url   host: null,
7 verbose parsed url   port: null,
7 verbose parsed url   hostname: null,
7 verbose parsed url   hash: null,
7 verbose parsed url   search: null,
7 verbose parsed url   query: null,
7 verbose parsed url   pathname: '.',
7 verbose parsed url   path: '.',
7 verbose parsed url   href: '.' }
8 silly lockFile 3a52ce78- .
9 verbose lock . /Users/ruslan/.npm/3a52ce78-.lock
10 verbose tar pack [ '/var/folders/3l/lp5_3jss3m97l0skfftrg8wr0000gn/T/npm-11165-o5yExDQw/1406798242628-0.0067859680857509375/tmp.tgz',
10 verbose tar pack   '.' ]
11 verbose tarball /var/folders/3l/lp5_3jss3m97l0skfftrg8wr0000gn/T/npm-11165-o5yExDQw/1406798242628-0.0067859680857509375/tmp.tgz
12 verbose folder .
13 info prepublish d-material@0.0.2
14 silly lockFile 1f1177db-tar tar://.
15 verbose lock tar://. /Users/ruslan/.npm/1f1177db-tar.lock
16 silly lockFile 243757b1-28-0-0067859680857509375-tmp-tgz tar:///var/folders/3l/lp5_3jss3m97l0skfftrg8wr0000gn/T/npm-11165-o5yExDQw/1406798242628-0.0067859680857509375/tmp.tgz
17 verbose lock tar:///var/folders/3l/lp5_3jss3m97l0skfftrg8wr0000gn/T/npm-11165-o5yExDQw/1406798242628-0.0067859680857509375/tmp.tgz /Users/ruslan/.npm/243757b1-28-0-0067859680857509375-tmp-tgz.lock
18 silly lockFile 1f1177db-tar tar://.
19 silly lockFile 1f1177db-tar tar://.
20 silly lockFile 243757b1-28-0-0067859680857509375-tmp-tgz tar:///var/folders/3l/lp5_3jss3m97l0skfftrg8wr0000gn/T/npm-11165-o5yExDQw/1406798242628-0.0067859680857509375/tmp.tgz
21 silly lockFile 243757b1-28-0-0067859680857509375-tmp-tgz tar:///var/folders/3l/lp5_3jss3m97l0skfftrg8wr0000gn/T/npm-11165-o5yExDQw/1406798242628-0.0067859680857509375/tmp.tgz
22 verbose tar unpack /var/folders/3l/lp5_3jss3m97l0skfftrg8wr0000gn/T/npm-11165-o5yExDQw/1406798242628-0.0067859680857509375/tmp.tgz
23 silly lockFile e59ee598-28-0-0067859680857509375-package tar:///var/folders/3l/lp5_3jss3m97l0skfftrg8wr0000gn/T/npm-11165-o5yExDQw/1406798242628-0.0067859680857509375/package
24 verbose lock tar:///var/folders/3l/lp5_3jss3m97l0skfftrg8wr0000gn/T/npm-11165-o5yExDQw/1406798242628-0.0067859680857509375/package /Users/ruslan/.npm/e59ee598-28-0-0067859680857509375-package.lock
25 silly lockFile 243757b1-28-0-0067859680857509375-tmp-tgz tar:///var/folders/3l/lp5_3jss3m97l0skfftrg8wr0000gn/T/npm-11165-o5yExDQw/1406798242628-0.0067859680857509375/tmp.tgz
26 verbose lock tar:///var/folders/3l/lp5_3jss3m97l0skfftrg8wr0000gn/T/npm-11165-o5yExDQw/1406798242628-0.0067859680857509375/tmp.tgz /Users/ruslan/.npm/243757b1-28-0-0067859680857509375-tmp-tgz.lock
27 silly gunzTarPerm modes [ '755', '644' ]
28 silly gunzTarPerm extractEntry package.json
29 silly gunzTarPerm extractEntry .npmignore
30 silly gunzTarPerm extractEntry README.md
31 silly gunzTarPerm extractEntry LICENSE
32 silly gunzTarPerm extractEntry index.js
33 silly gunzTarPerm extractEntry index.styl
34 silly gunzTarPerm extractEntry src/core/d-core-item/index.js
35 silly gunzTarPerm extractEntry src/core/d-core-item/index.html
36 silly gunzTarPerm extractEntry src/core/d-core-item/index.styl
37 silly gunzTarPerm extractEntry src/core/core-collapse/core-collapse.css
38 silly gunzTarPerm extractEntry src/core/core-collapse/core-collapse.html
39 silly gunzTarPerm extractEntry src/core/core-layout-grid/core-layout-grid.html
40 silly gunzTarPerm extractEntry src/core/core-layout-trbl/core-layout-trbl.html
41 silly gunzTarPerm extractEntry src/core/core-layout-trbl/core-slide.html
42 silly gunzTarPerm extractEntry src/core/core-list/core-list.css
43 silly gunzTarPerm extractEntry src/core/core-list/core-list.html
44 silly gunzTarPerm extractEntry src/core/core-list/images/0.png
45 silly gunzTarPerm extractEntry src/core/core-list/images/1.png
46 silly gunzTarPerm extractEntry src/core/core-list/images/2.png
47 silly gunzTarPerm extractEntry src/core/core-list/images/3.png
48 silly gunzTarPerm extractEntry src/core/core-menu-button/core-menu-button.css
49 silly gunzTarPerm extractEntry src/core/core-menu-button/core-menu-button.html
50 silly gunzTarPerm extractEntry src/core/core-tooltip/core-tooltip.css
51 silly gunzTarPerm extractEntry src/core/core-tooltip/core-tooltip.html
52 silly gunzTarPerm extractEntry src/core/d-core-drawer-panel/index.js
53 silly gunzTarPerm extractEntry src/core/d-core-drawer-panel/index.html
54 silly gunzTarPerm extractEntry src/core/d-core-drawer-panel/index.styl
55 silly gunzTarPerm extractEntry src/core/d-core-header-panel/index.js
56 silly gunzTarPerm extractEntry src/core/d-core-header-panel/index.html
57 silly gunzTarPerm extractEntry src/core/d-core-header-panel/index.styl
58 silly gunzTarPerm extractEntry src/core/d-core-icon/icons.js
59 silly gunzTarPerm extractEntry src/core/d-core-icon/index.js
60 silly gunzTarPerm extractEntry src/core/d-core-icon/index.html
61 silly gunzTarPerm extractEntry src/core/d-core-icon/index.styl
62 silly gunzTarPerm extractEntry src/core/d-core-input/index.js
63 silly gunzTarPerm extractEntry src/core/d-core-input/index.html
64 silly gunzTarPerm extractEntry src/core/d-core-input/index.styl
65 silly gunzTarPerm extractEntry src/core/core-layout/core-layout-host.css
66 silly gunzTarPerm extractEntry src/core/core-layout/core-layout.css
67 silly gunzTarPerm extractEntry src/core/core-layout/core-layout.html
68 silly gunzTarPerm extractEntry src/core/d-core-media-query/index.js
69 silly gunzTarPerm extractEntry src/core/d-core-menu/index.js
70 silly gunzTarPerm extractEntry src/core/d-core-menu/input.html
71 silly gunzTarPerm extractEntry src/core/d-core-menu/input.styl
72 silly gunzTarPerm extractEntry src/core/d-core-overlay/index.js
73 silly gunzTarPerm extractEntry src/core/d-core-overlay/index.html
74 silly gunzTarPerm extractEntry src/core/d-core-overlay/index.styl
75 silly gunzTarPerm extractEntry src/core/d-core-overlay-layer/index.js
76 silly gunzTarPerm extractEntry src/core/d-core-overlay-layer/index.html
77 silly gunzTarPerm extractEntry src/core/d-core-overlay-layer/index.styl
78 silly gunzTarPerm extractEntry src/core/d-core-range/index.js
79 silly gunzTarPerm extractEntry src/core/d-core-selection/index.js
80 silly gunzTarPerm extractEntry src/core/d-core-selector/index.js
81 silly gunzTarPerm extractEntry src/core/d-core-selector/index.html
82 silly gunzTarPerm extractEntry src/core/d-core-submenu/core-submenu.css
83 silly gunzTarPerm extractEntry src/core/d-core-submenu/core-submenu.html
84 silly gunzTarPerm extractEntry src/core/d-core-toolbar/index.js
85 silly gunzTarPerm extractEntry src/core/d-core-toolbar/index.html
86 silly gunzTarPerm extractEntry src/core/d-core-toolbar/index.styl
87 silly gunzTarPerm extractEntry src/core/d-core-transition/index.js
88 silly gunzTarPerm extractEntry src/core/d-core-transition/index.styl
89 silly gunzTarPerm extractEntry src/main/layout.styl
90 silly gunzTarPerm extractEntry src/main/variables.styl
91 silly gunzTarPerm extractEntry src/paper/d-paper-radio-group/index.js
92 silly gunzTarPerm extractEntry src/paper/d-paper-radio-group/index.html
93 silly gunzTarPerm extractEntry src/paper/d-paper-radio-group/index.styl
94 silly gunzTarPerm extractEntry src/paper/d-paper-button/index.js
95 silly gunzTarPerm extractEntry src/paper/d-paper-button/index.html
96 silly gunzTarPerm extractEntry src/paper/d-paper-button/index.styl
97 silly gunzTarPerm extractEntry src/paper/d-paper-dialog/index.js
98 silly gunzTarPerm extractEntry src/paper/d-paper-dialog/index.html
99 silly gunzTarPerm extractEntry src/paper/d-paper-dialog/index.styl
100 silly gunzTarPerm extractEntry src/paper/d-paper-dialog-transition/index.styl
101 silly gunzTarPerm extractEntry src/paper/d-paper-input/index.js
102 silly gunzTarPerm extractEntry src/paper/d-paper-input/error-100.png
103 silly gunzTarPerm extractEntry src/paper/d-paper-input/error-200.png
104 silly gunzTarPerm extractEntry src/paper/d-paper-input/index.html
105 silly gunzTarPerm extractEntry src/paper/d-paper-input/index.styl
106 silly gunzTarPerm extractEntry src/paper/d-paper-item/index.js
107 silly gunzTarPerm extractEntry src/paper/d-paper-item/index.html
108 silly gunzTarPerm extractEntry src/paper/d-paper-item/index.styl
109 silly gunzTarPerm extractEntry src/paper/d-paper-menu-button/index.js
110 silly gunzTarPerm extractEntry src/paper/d-paper-menu-button/index.html
111 silly gunzTarPerm extractEntry src/paper/d-paper-menu-button/index.styl
112 silly gunzTarPerm extractEntry src/paper/d-paper-menu-button-transition/index.css
113 silly gunzTarPerm extractEntry src/paper/d-paper-progress/index.js
114 silly gunzTarPerm extractEntry src/paper/d-paper-progress/index.html
115 silly gunzTarPerm extractEntry src/paper/d-paper-progress/index.styl
116 silly gunzTarPerm extractEntry src/paper/d-paper-radio-button/index.js
117 silly gunzTarPerm extractEntry src/paper/d-paper-radio-button/index.html
118 silly gunzTarPerm extractEntry src/paper/d-paper-radio-button/index.styl
119 silly gunzTarPerm extractEntry src/paper/d-paper-checkbox/index.js
120 silly gunzTarPerm extractEntry src/paper/d-paper-checkbox/index.html
121 silly gunzTarPerm extractEntry src/paper/d-paper-checkbox/index.styl
122 silly gunzTarPerm extractEntry src/paper/d-paper-ripple/index.js
123 silly gunzTarPerm extractEntry src/paper/d-paper-ripple/index.html
124 silly gunzTarPerm extractEntry src/paper/d-paper-ripple/index.styl
125 silly gunzTarPerm extractEntry src/paper/d-paper-shadow/index.js
126 silly gunzTarPerm extractEntry src/paper/d-paper-shadow/index.html
127 silly gunzTarPerm extractEntry src/paper/d-paper-shadow/index.styl
128 silly gunzTarPerm extractEntry src/paper/d-paper-slider/index.js
129 silly gunzTarPerm extractEntry src/paper/d-paper-slider/index.html
130 silly gunzTarPerm extractEntry src/paper/d-paper-slider/index.styl
131 silly gunzTarPerm extractEntry src/paper/d-paper-tab/index.js
132 silly gunzTarPerm extractEntry src/paper/d-paper-tab/index.html
133 silly gunzTarPerm extractEntry src/paper/d-paper-tab/index.styl
134 silly gunzTarPerm extractEntry src/paper/d-paper-tabs/index.js
135 silly gunzTarPerm extractEntry src/paper/d-paper-tabs/index.html
136 silly gunzTarPerm extractEntry src/paper/d-paper-tabs/index.styl
137 silly gunzTarPerm extractEntry src/paper/d-paper-tile/index.js
138 silly gunzTarPerm extractEntry src/paper/d-paper-tile/index.html
139 silly gunzTarPerm extractEntry src/paper/d-paper-tile/index.styl
140 silly gunzTarPerm extractEntry src/paper/d-paper-tiles/index.js
141 silly gunzTarPerm extractEntry src/paper/d-paper-tiles/index.html
142 silly gunzTarPerm extractEntry src/paper/d-paper-tiles/index.styl
143 silly gunzTarPerm extractEntry src/paper/d-paper-toast/index.js
144 silly gunzTarPerm extractEntry src/paper/d-paper-toast/index.html
145 silly gunzTarPerm extractEntry src/paper/d-paper-toast/index.styl
146 silly gunzTarPerm extractEntry src/paper/d-paper-toggle-button/index.js
147 silly gunzTarPerm extractEntry src/paper/d-paper-toggle-button/index.html
148 silly gunzTarPerm extractEntry src/paper/d-paper-toggle-button/index.styl
149 silly lockFile e59ee598-28-0-0067859680857509375-package tar:///var/folders/3l/lp5_3jss3m97l0skfftrg8wr0000gn/T/npm-11165-o5yExDQw/1406798242628-0.0067859680857509375/package
150 silly lockFile e59ee598-28-0-0067859680857509375-package tar:///var/folders/3l/lp5_3jss3m97l0skfftrg8wr0000gn/T/npm-11165-o5yExDQw/1406798242628-0.0067859680857509375/package
151 silly lockFile 243757b1-28-0-0067859680857509375-tmp-tgz tar:///var/folders/3l/lp5_3jss3m97l0skfftrg8wr0000gn/T/npm-11165-o5yExDQw/1406798242628-0.0067859680857509375/tmp.tgz
152 silly lockFile 243757b1-28-0-0067859680857509375-tmp-tgz tar:///var/folders/3l/lp5_3jss3m97l0skfftrg8wr0000gn/T/npm-11165-o5yExDQw/1406798242628-0.0067859680857509375/tmp.tgz
153 verbose tar pack [ '/Users/ruslan/.npm/d-material/0.0.2/package.tgz',
153 verbose tar pack   '/var/folders/3l/lp5_3jss3m97l0skfftrg8wr0000gn/T/npm-11165-o5yExDQw/1406798242628-0.0067859680857509375/package' ]
154 verbose tarball /Users/ruslan/.npm/d-material/0.0.2/package.tgz
155 verbose folder /var/folders/3l/lp5_3jss3m97l0skfftrg8wr0000gn/T/npm-11165-o5yExDQw/1406798242628-0.0067859680857509375/package
156 silly lockFile e59ee598-28-0-0067859680857509375-package tar:///var/folders/3l/lp5_3jss3m97l0skfftrg8wr0000gn/T/npm-11165-o5yExDQw/1406798242628-0.0067859680857509375/package
157 verbose lock tar:///var/folders/3l/lp5_3jss3m97l0skfftrg8wr0000gn/T/npm-11165-o5yExDQw/1406798242628-0.0067859680857509375/package /Users/ruslan/.npm/e59ee598-28-0-0067859680857509375-package.lock
158 silly lockFile af07a5b2-npm-d-material-0-0-2-package-tgz tar:///Users/ruslan/.npm/d-material/0.0.2/package.tgz
159 verbose lock tar:///Users/ruslan/.npm/d-material/0.0.2/package.tgz /Users/ruslan/.npm/af07a5b2-npm-d-material-0-0-2-package-tgz.lock
160 silly lockFile e59ee598-28-0-0067859680857509375-package tar:///var/folders/3l/lp5_3jss3m97l0skfftrg8wr0000gn/T/npm-11165-o5yExDQw/1406798242628-0.0067859680857509375/package
161 silly lockFile e59ee598-28-0-0067859680857509375-package tar:///var/folders/3l/lp5_3jss3m97l0skfftrg8wr0000gn/T/npm-11165-o5yExDQw/1406798242628-0.0067859680857509375/package
162 silly lockFile af07a5b2-npm-d-material-0-0-2-package-tgz tar:///Users/ruslan/.npm/d-material/0.0.2/package.tgz
163 silly lockFile af07a5b2-npm-d-material-0-0-2-package-tgz tar:///Users/ruslan/.npm/d-material/0.0.2/package.tgz
164 silly lockFile 057a7b58-lan-npm-d-material-0-0-2-package /Users/ruslan/.npm/d-material/0.0.2/package
165 verbose lock /Users/ruslan/.npm/d-material/0.0.2/package /Users/ruslan/.npm/057a7b58-lan-npm-d-material-0-0-2-package.lock
166 silly lockFile 057a7b58-lan-npm-d-material-0-0-2-package /Users/ruslan/.npm/d-material/0.0.2/package
167 silly lockFile 057a7b58-lan-npm-d-material-0-0-2-package /Users/ruslan/.npm/d-material/0.0.2/package
168 verbose tar unpack /Users/ruslan/.npm/d-material/0.0.2/package.tgz
169 silly lockFile 3a2aaf0d-lan-npm-d-material-0-0-2-package tar:///Users/ruslan/.npm/d-material/0.0.2/package
170 verbose lock tar:///Users/ruslan/.npm/d-material/0.0.2/package /Users/ruslan/.npm/3a2aaf0d-lan-npm-d-material-0-0-2-package.lock
171 silly lockFile af07a5b2-npm-d-material-0-0-2-package-tgz tar:///Users/ruslan/.npm/d-material/0.0.2/package.tgz
172 verbose lock tar:///Users/ruslan/.npm/d-material/0.0.2/package.tgz /Users/ruslan/.npm/af07a5b2-npm-d-material-0-0-2-package-tgz.lock
173 silly gunzTarPerm modes [ '755', '644' ]
174 silly gunzTarPerm extractEntry package.json
175 silly gunzTarPerm extractEntry .npmignore
176 silly gunzTarPerm extractEntry README.md
177 silly gunzTarPerm extractEntry LICENSE
178 silly gunzTarPerm extractEntry index.js
179 silly gunzTarPerm extractEntry index.styl
180 silly gunzTarPerm extractEntry src/core/d-core-item/index.js
181 silly gunzTarPerm extractEntry src/core/d-core-item/index.html
182 silly gunzTarPerm extractEntry src/core/d-core-item/index.styl
183 silly gunzTarPerm extractEntry src/core/core-collapse/core-collapse.css
184 silly gunzTarPerm extractEntry src/core/core-collapse/core-collapse.html
185 silly gunzTarPerm extractEntry src/core/core-layout-grid/core-layout-grid.html
186 silly gunzTarPerm extractEntry src/core/core-layout-trbl/core-layout-trbl.html
187 silly gunzTarPerm extractEntry src/core/core-layout-trbl/core-slide.html
188 silly gunzTarPerm extractEntry src/core/core-list/core-list.css
189 silly gunzTarPerm extractEntry src/core/core-list/core-list.html
190 silly gunzTarPerm extractEntry src/core/core-list/images/0.png
191 silly gunzTarPerm extractEntry src/core/core-list/images/1.png
192 silly gunzTarPerm extractEntry src/core/core-list/images/2.png
193 silly gunzTarPerm extractEntry src/core/core-list/images/3.png
194 silly gunzTarPerm extractEntry src/core/core-menu-button/core-menu-button.css
195 silly gunzTarPerm extractEntry src/core/core-menu-button/core-menu-button.html
196 silly gunzTarPerm extractEntry src/core/core-tooltip/core-tooltip.css
197 silly gunzTarPerm extractEntry src/core/core-tooltip/core-tooltip.html
198 silly gunzTarPerm extractEntry src/core/d-core-drawer-panel/index.js
199 silly gunzTarPerm extractEntry src/core/d-core-drawer-panel/index.html
200 silly gunzTarPerm extractEntry src/core/d-core-drawer-panel/index.styl
201 silly gunzTarPerm extractEntry src/core/d-core-header-panel/index.js
202 silly gunzTarPerm extractEntry src/core/d-core-header-panel/index.html
203 silly gunzTarPerm extractEntry src/core/d-core-header-panel/index.styl
204 silly gunzTarPerm extractEntry src/core/d-core-icon/icons.js
205 silly gunzTarPerm extractEntry src/core/d-core-icon/index.js
206 silly gunzTarPerm extractEntry src/core/d-core-icon/index.html
207 silly gunzTarPerm extractEntry src/core/d-core-icon/index.styl
208 silly gunzTarPerm extractEntry src/core/d-core-input/index.js
209 silly gunzTarPerm extractEntry src/core/d-core-input/index.html
210 silly gunzTarPerm extractEntry src/core/d-core-input/index.styl
211 silly gunzTarPerm extractEntry src/core/core-layout/core-layout-host.css
212 silly gunzTarPerm extractEntry src/core/core-layout/core-layout.css
213 silly gunzTarPerm extractEntry src/core/core-layout/core-layout.html
214 silly gunzTarPerm extractEntry src/core/d-core-media-query/index.js
215 silly gunzTarPerm extractEntry src/core/d-core-menu/index.js
216 silly gunzTarPerm extractEntry src/core/d-core-menu/input.html
217 silly gunzTarPerm extractEntry src/core/d-core-menu/input.styl
218 silly gunzTarPerm extractEntry src/core/d-core-overlay/index.js
219 silly gunzTarPerm extractEntry src/core/d-core-overlay/index.html
220 silly gunzTarPerm extractEntry src/core/d-core-overlay/index.styl
221 silly gunzTarPerm extractEntry src/core/d-core-overlay-layer/index.js
222 silly gunzTarPerm extractEntry src/core/d-core-overlay-layer/index.html
223 silly gunzTarPerm extractEntry src/core/d-core-overlay-layer/index.styl
224 silly gunzTarPerm extractEntry src/core/d-core-range/index.js
225 silly gunzTarPerm extractEntry src/core/d-core-selection/index.js
226 silly gunzTarPerm extractEntry src/core/d-core-selector/index.js
227 silly gunzTarPerm extractEntry src/core/d-core-selector/index.html
228 silly gunzTarPerm extractEntry src/core/d-core-submenu/core-submenu.css
229 silly gunzTarPerm extractEntry src/core/d-core-submenu/core-submenu.html
230 silly gunzTarPerm extractEntry src/core/d-core-toolbar/index.js
231 silly gunzTarPerm extractEntry src/core/d-core-toolbar/index.html
232 silly gunzTarPerm extractEntry src/core/d-core-toolbar/index.styl
233 silly gunzTarPerm extractEntry src/core/d-core-transition/index.js
234 silly gunzTarPerm extractEntry src/core/d-core-transition/index.styl
235 silly gunzTarPerm extractEntry src/main/layout.styl
236 silly gunzTarPerm extractEntry src/main/variables.styl
237 silly gunzTarPerm extractEntry src/paper/d-paper-radio-group/index.js
238 silly gunzTarPerm extractEntry src/paper/d-paper-radio-group/index.html
239 silly gunzTarPerm extractEntry src/paper/d-paper-radio-group/index.styl
240 silly gunzTarPerm extractEntry src/paper/d-paper-button/index.js
241 silly gunzTarPerm extractEntry src/paper/d-paper-button/index.html
242 silly gunzTarPerm extractEntry src/paper/d-paper-button/index.styl
243 silly gunzTarPerm extractEntry src/paper/d-paper-dialog/index.js
244 silly gunzTarPerm extractEntry src/paper/d-paper-dialog/index.html
245 silly gunzTarPerm extractEntry src/paper/d-paper-dialog/index.styl
246 silly gunzTarPerm extractEntry src/paper/d-paper-dialog-transition/index.styl
247 silly gunzTarPerm extractEntry src/paper/d-paper-input/index.js
248 silly gunzTarPerm extractEntry src/paper/d-paper-input/error-100.png
249 silly gunzTarPerm extractEntry src/paper/d-paper-input/error-200.png
250 silly gunzTarPerm extractEntry src/paper/d-paper-input/index.html
251 silly gunzTarPerm extractEntry src/paper/d-paper-input/index.styl
252 silly gunzTarPerm extractEntry src/paper/d-paper-item/index.js
253 silly gunzTarPerm extractEntry src/paper/d-paper-item/index.html
254 silly gunzTarPerm extractEntry src/paper/d-paper-item/index.styl
255 silly gunzTarPerm extractEntry src/paper/d-paper-menu-button/index.js
256 silly gunzTarPerm extractEntry src/paper/d-paper-menu-button/index.html
257 silly gunzTarPerm extractEntry src/paper/d-paper-menu-button/index.styl
258 silly gunzTarPerm extractEntry src/paper/d-paper-menu-button-transition/index.css
259 silly gunzTarPerm extractEntry src/paper/d-paper-progress/index.js
260 silly gunzTarPerm extractEntry src/paper/d-paper-progress/index.html
261 silly gunzTarPerm extractEntry src/paper/d-paper-progress/index.styl
262 silly gunzTarPerm extractEntry src/paper/d-paper-radio-button/index.js
263 silly gunzTarPerm extractEntry src/paper/d-paper-radio-button/index.html
264 silly gunzTarPerm extractEntry src/paper/d-paper-radio-button/index.styl
265 silly gunzTarPerm extractEntry src/paper/d-paper-checkbox/index.js
266 silly gunzTarPerm extractEntry src/paper/d-paper-checkbox/index.html
267 silly gunzTarPerm extractEntry src/paper/d-paper-checkbox/index.styl
268 silly gunzTarPerm extractEntry src/paper/d-paper-ripple/index.js
269 silly gunzTarPerm extractEntry src/paper/d-paper-ripple/index.html
270 silly gunzTarPerm extractEntry src/paper/d-paper-ripple/index.styl
271 silly gunzTarPerm extractEntry src/paper/d-paper-shadow/index.js
272 silly gunzTarPerm extractEntry src/paper/d-paper-shadow/index.html
273 silly gunzTarPerm extractEntry src/paper/d-paper-shadow/index.styl
274 silly gunzTarPerm extractEntry src/paper/d-paper-slider/index.js
275 silly gunzTarPerm extractEntry src/paper/d-paper-slider/index.html
276 silly gunzTarPerm extractEntry src/paper/d-paper-slider/index.styl
277 silly gunzTarPerm extractEntry src/paper/d-paper-tab/index.js
278 silly gunzTarPerm extractEntry src/paper/d-paper-tab/index.html
279 silly gunzTarPerm extractEntry src/paper/d-paper-tab/index.styl
280 silly gunzTarPerm extractEntry src/paper/d-paper-tabs/index.js
281 silly gunzTarPerm extractEntry src/paper/d-paper-tabs/index.html
282 silly gunzTarPerm extractEntry src/paper/d-paper-tabs/index.styl
283 silly gunzTarPerm extractEntry src/paper/d-paper-tile/index.js
284 silly gunzTarPerm extractEntry src/paper/d-paper-tile/index.html
285 silly gunzTarPerm extractEntry src/paper/d-paper-tile/index.styl
286 silly gunzTarPerm extractEntry src/paper/d-paper-tiles/index.js
287 silly gunzTarPerm extractEntry src/paper/d-paper-tiles/index.html
288 silly gunzTarPerm extractEntry src/paper/d-paper-tiles/index.styl
289 silly gunzTarPerm extractEntry src/paper/d-paper-toast/index.js
290 silly gunzTarPerm extractEntry src/paper/d-paper-toast/index.html
291 silly gunzTarPerm extractEntry src/paper/d-paper-toast/index.styl
292 silly gunzTarPerm extractEntry src/paper/d-paper-toggle-button/index.js
293 silly gunzTarPerm extractEntry src/paper/d-paper-toggle-button/index.html
294 silly gunzTarPerm extractEntry src/paper/d-paper-toggle-button/index.styl
295 silly lockFile 3a2aaf0d-lan-npm-d-material-0-0-2-package tar:///Users/ruslan/.npm/d-material/0.0.2/package
296 silly lockFile 3a2aaf0d-lan-npm-d-material-0-0-2-package tar:///Users/ruslan/.npm/d-material/0.0.2/package
297 silly lockFile af07a5b2-npm-d-material-0-0-2-package-tgz tar:///Users/ruslan/.npm/d-material/0.0.2/package.tgz
298 silly lockFile af07a5b2-npm-d-material-0-0-2-package-tgz tar:///Users/ruslan/.npm/d-material/0.0.2/package.tgz
299 verbose chmod /Users/ruslan/.npm/d-material/0.0.2/package.tgz 644
300 verbose chown /Users/ruslan/.npm/d-material/0.0.2/package.tgz [ 501, 20 ]
301 silly lockFile 3a52ce78- .
302 silly lockFile 3a52ce78- .
303 silly publish { name: 'd-material',
303 silly publish   version: '0.0.2',
303 silly publish   description: 'pack of derbyjs components for quickly creation material design sites',
303 silly publish   main: 'index.js',
303 silly publish   scripts: { test: 'echo "Error: no test specified" && exit 1' },
303 silly publish   repository:
303 silly publish    { type: 'git',
303 silly publish      url: 'https://github.com/onerussell/d-material.git' },
303 silly publish   keywords:
303 silly publish    [ 'derbyjs',
303 silly publish      'components',
303 silly publish      'material',
303 silly publish      'design',
303 silly publish      'ripple',
303 silly publish      'shadow',
303 silly publish      'ui',
303 silly publish      'effects' ],
303 silly publish   author:
303 silly publish    { name: 'Alexeev Ruslan',
303 silly publish      email: 'wb.russel@outlook.com',
303 silly publish      url: 'http://vk.com/russell_o_o' },
303 silly publish   license: 'MIT',
303 silly publish   bugs: { url: 'https://github.com/onerussell/d-material/issues' },
303 silly publish   homepage: 'https://github.com/onerussell/d-material',
303 silly publish   readme: 'd-material\n==========\n\npack of derbyjs components for quickly creation material design sites\n',
303 silly publish   readmeFilename: 'README.md',
303 silly publish   _id: 'd-material@0.0.2',
303 silly publish   dist: { shasum: '5b31955fae0b8ef3f813ab07544e489580e078f8' },
303 silly publish   _from: '.' }
304 verbose url raw d-material
305 verbose url resolving [ 'https://registry.npmjs.org/', './d-material' ]
306 verbose url resolved https://registry.npmjs.org/d-material
307 info trying registry request attempt 1 at 15:17:23
308 http PUT https://registry.npmjs.org/d-material
309 http 403 https://registry.npmjs.org/d-material
310 error publish Failed PUT 403
311 error Error: forbidden cannot modify pre-existing version: 0.0.2
311 error old={"name":"d-material","version":"0.0.2","description":"pack of derbyjs components for quickly creation material design sites","main":"index.js","scripts":{"test":"echo \"Error: no test specified\" && exit 1"},"repository":{"type":"git","url":"https://github.com/onerussell/d-material.git"},"keywords":["derbyjs","components","material","design","ripple","shadow","ui","effects"],"author":{"name":"Alexeev Ruslan","email":"wb.russel@outlook.com","url":"http://vk.com/russell_o_o"},"license":"MIT","bugs":{"url":"https://github.com/onerussell/d-material/issues"},"homepage":"https://github.com/onerussell/d-material","_id":"d-material@0.0.2","dist":{"shasum":"85ee78093bcd2a37ec6d23e441a9d4cf35478000","tarball":"http://registry.npmjs.org/d-material/-/d-material-0.0.2.tgz"},"_from":".","_npmVersion":"1.4.3","_npmUser":{"name":"ruslan","email":"wb.russel@outlook.com"},"maintainers":[{"name":"ruslan","email":"wb.russel@outlook.com"}]}
311 error new={"name":"d-material","version":"0.0.2","description":"pack of derbyjs components for quickly creation material design sites","main":"index.js","scripts":{"test":"echo \"Error: no test specified\" && exit 1"},"repository":{"type":"git","url":"https://github.com/onerussell/d-material.git"},"keywords":["derbyjs","components","material","design","ripple","shadow","ui","effects"],"author":{"name":"Alexeev Ruslan","email":"wb.russel@outlook.com","url":"http://vk.com/russell_o_o"},"license":"MIT","bugs":{"url":"https://github.com/onerussell/d-material/issues"},"homepage":"https://github.com/onerussell/d-material","readme":"d-material\u000a==========\u000a\u000apack of derbyjs components for quickly creation material design sites\u000a","readmeFilename":"README.md","_id":"d-material@0.0.2","dist":{"shasum":"5b31955fae0b8ef3f813ab07544e489580e078f8","tarball":"http://registry.npmjs.org/d-material/-/d-material-0.0.2.tgz"},"_from":".","_npmVersion":"1.4.3","_npmUser":{"name":"ruslan","email":"wb.russel@outlook.com"},"maintainers":[{"name":"ruslan","email":"wb.russel@outlook.com"}]}: d-material
311 error     at RegClient.<anonymous> (/usr/local/lib/node_modules/npm/node_modules/npm-registry-client/lib/request.js:237:14)
311 error     at Request.self.callback (/usr/local/lib/node_modules/npm/node_modules/request/request.js:123:22)
311 error     at Request.EventEmitter.emit (events.js:98:17)
311 error     at Request.<anonymous> (/usr/local/lib/node_modules/npm/node_modules/request/request.js:893:14)
311 error     at Request.EventEmitter.emit (events.js:117:20)
311 error     at IncomingMessage.<anonymous> (/usr/local/lib/node_modules/npm/node_modules/request/request.js:844:12)
311 error     at IncomingMessage.EventEmitter.emit (events.js:117:20)
311 error     at _stream_readable.js:920:16
311 error     at process._tickCallback (node.js:415:13)
312 error If you need help, you may report this *entire* log,
312 error including the npm and node versions, at:
312 error     <http://github.com/npm/npm/issues>
313 error System Darwin 13.3.0
314 error command "node" "/usr/local/bin/npm" "publish"
315 error cwd /Users/ruslan/Projects/d-material
316 error node -v v0.10.26
317 error npm -v 1.4.3
318 verbose exit [ 1, true ]
